This file contains any messages produced by compilers while
running configure, to aid debugging if configure makes a mistake.

It was created by configure, which was
generated by GNU Autoconf 2.69.  Invocation command line was

  $ ./configure 

## --------- ##
## Platform. ##
## --------- ##

hostname = wielabsserver
uname -m = x86_64
uname -r = 4.15.0-124-generic
uname -s = Linux
uname -v = #127-Ubuntu SMP Fri Nov 6 10:54:43 UTC 2020

/usr/bin/uname -p = unknown
/bin/uname -X     = unknown

/bin/arch              = unknown
/usr/bin/arch -k       = unknown
/usr/convex/getsysinfo = unknown
/usr/bin/hostinfo      = unknown
/bin/machine           = unknown
/usr/bin/oslevel       = unknown
/bin/universe          = unknown

PATH: /usr/local/sbin
PATH: /usr/local/bin
PATH: /usr/sbin
PATH: /usr/bin
PATH: /sbin
PATH: /bin
PATH: /snap/bin


## ----------- ##
## Core tests. ##
## ----------- ##

configure:2259: checking build system type
configure:2273: result: x86_64-unknown-linux-gnu
configure:2293: checking host system type
configure:2306: result: x86_64-unknown-linux-gnu
configure:2398: checking for gcc
configure:2414: found /usr/bin/gcc
configure:2425: result: gcc
configure:2654: checking for C compiler version
configure:2663: gcc --version >&5
gcc (Ubuntu 7.5.0-3ubuntu1~18.04) 7.5.0
Copyright (C) 2017 Free Software Foundation, Inc.
This is free software; see the source for copying conditions.  There is NO
warranty; not even for MERCHANTABILITY or FITNESS FOR A PARTICULAR PURPOSE.

configure:2674: $? = 0
configure:2663: gcc -v >&5
Using built-in specs.
COLLECT_GCC=gcc
COLLECT_LTO_WRAPPER=/usr/lib/gcc/x86_64-linux-gnu/7/lto-wrapper
OFFLOAD_TARGET_NAMES=nvptx-none
OFFLOAD_TARGET_DEFAULT=1
Target: x86_64-linux-gnu
Configured with: ../src/configure -v --with-pkgversion='Ubuntu 7.5.0-3ubuntu1~18.04' --with-bugurl=file:///usr/share/doc/gcc-7/README.Bugs --enable-languages=c,ada,c++,go,brig,d,fortran,objc,obj-c++ --prefix=/usr --with-gcc-major-version-only --program-suffix=-7 --program-prefix=x86_64-linux-gnu- --enable-shared --enable-linker-build-id --libexecdir=/usr/lib --without-included-gettext --enable-threads=posix --libdir=/usr/lib --enable-nls --enable-bootstrap --enable-clocale=gnu --enable-libstdcxx-debug --enable-libstdcxx-time=yes --with-default-libstdcxx-abi=new --enable-gnu-unique-object --disable-vtable-verify --enable-libmpx --enable-plugin --enable-default-pie --with-system-zlib --with-target-system-zlib --enable-objc-gc=auto --enable-multiarch --disable-werror --with-arch-32=i686 --with-abi=m64 --with-multilib-list=m32,m64,mx32 --enable-multilib --with-tune=generic --enable-offload-targets=nvptx-none --without-cuda-driver --enable-checking=release --build=x86_64-linux-gnu --host=x86_64-linux-gnu --target=x86_64-linux-gnu
Thread model: posix
gcc version 7.5.0 (Ubuntu 7.5.0-3ubuntu1~18.04) 
configure:2674: $? = 0
configure:2663: gcc -V >&5
gcc: error: unrecognized command line option '-V'
gcc: fatal error: no input files
compilation terminated.
configure:2674: $? = 1
configure:2663: gcc -qversion >&5
gcc: error: unrecognized command line option '-qversion'; did you mean '--version'?
gcc: fatal error: no input files
compilation terminated.
configure:2674: $? = 1
configure:2694: checking whether the C compiler works
configure:2716: gcc    conftest.c  >&5
configure:2720: $? = 0
configure:2768: result: yes
configure:2771: checking for C compiler default output file name
configure:2773: result: a.out
configure:2779: checking for suffix of executables
configure:2786: gcc -o conftest    conftest.c  >&5
configure:2790: $? = 0
configure:2812: result: 
configure:2834: checking whether we are cross compiling
configure:2842: gcc -o conftest    conftest.c  >&5
configure:2846: $? = 0
configure:2853: ./conftest
configure:2857: $? = 0
configure:2872: result: no
configure:2877: checking for suffix of object files
configure:2899: gcc -c   conftest.c >&5
configure:2903: $? = 0
configure:2924: result: o
configure:2928: checking whether we are using the GNU C compiler
configure:2947: gcc -c   conftest.c >&5
configure:2947: $? = 0
configure:2956: result: yes
configure:2965: checking whether gcc accepts -g
configure:2985: gcc -c -g  conftest.c >&5
configure:2985: $? = 0
configure:3026: result: yes
configure:3043: checking for gcc option to accept ISO C89
configure:3106: gcc  -c -g -O2  conftest.c >&5
configure:3106: $? = 0
configure:3119: result: none needed
configure:3139: checking for GNU make
configure:3158: result: make
configure:3192: checking how to run the C preprocessor
configure:3223: gcc -E  conftest.c
configure:3223: $? = 0
configure:3237: gcc -E  conftest.c
conftest.c:9:10: fatal error: ac_nonexistent.h: No such file or directory
 #include <ac_nonexistent.h>
          ^~~~~~~~~~~~~~~~~~
compilation terminated.
configure:3237: $? = 1
configure: failed program was:
| /* confdefs.h */
| #define PACKAGE_NAME ""
| #define PACKAGE_TARNAME ""
| #define PACKAGE_VERSION ""
| #define PACKAGE_STRING ""
| #define PACKAGE_BUGREPORT ""
| #define PACKAGE_URL ""
| /* end confdefs.h.  */
| #include <ac_nonexistent.h>
configure:3262: result: gcc -E
configure:3282: gcc -E  conftest.c
configure:3282: $? = 0
configure:3296: gcc -E  conftest.c
conftest.c:9:10: fatal error: ac_nonexistent.h: No such file or directory
 #include <ac_nonexistent.h>
          ^~~~~~~~~~~~~~~~~~
compilation terminated.
configure:3296: $? = 1
configure: failed program was:
| /* confdefs.h */
| #define PACKAGE_NAME ""
| #define PACKAGE_TARNAME ""
| #define PACKAGE_VERSION ""
| #define PACKAGE_STRING ""
| #define PACKAGE_BUGREPORT ""
| #define PACKAGE_URL ""
| /* end confdefs.h.  */
| #include <ac_nonexistent.h>
configure:3325: checking for grep that handles long lines and -e
configure:3383: result: /bin/grep
configure:3388: checking for egrep
configure:3450: result: /bin/grep -E
configure:3455: checking for ANSI C header files
configure:3475: gcc -c -g -O2  conftest.c >&5
configure:3475: $? = 0
configure:3548: gcc -o conftest -g -O2   conftest.c  >&5
configure:3548: $? = 0
configure:3548: ./conftest
configure:3548: $? = 0
configure:3559: result: yes
configure:3572: checking for sys/types.h
configure:3572: gcc -c -g -O2  conftest.c >&5
configure:3572: $? = 0
configure:3572: result: yes
configure:3572: checking for sys/stat.h
configure:3572: gcc -c -g -O2  conftest.c >&5
configure:3572: $? = 0
configure:3572: result: yes
configure:3572: checking for stdlib.h
configure:3572: gcc -c -g -O2  conftest.c >&5
configure:3572: $? = 0
configure:3572: result: yes
configure:3572: checking for string.h
configure:3572: gcc -c -g -O2  conftest.c >&5
configure:3572: $? = 0
configure:3572: result: yes
configure:3572: checking for memory.h
configure:3572: gcc -c -g -O2  conftest.c >&5
configure:3572: $? = 0
configure:3572: result: yes
configure:3572: checking for strings.h
configure:3572: gcc -c -g -O2  conftest.c >&5
configure:3572: $? = 0
configure:3572: result: yes
configure:3572: checking for inttypes.h
configure:3572: gcc -c -g -O2  conftest.c >&5
configure:3572: $? = 0
configure:3572: result: yes
configure:3572: checking for stdint.h
configure:3572: gcc -c -g -O2  conftest.c >&5
configure:3572: $? = 0
configure:3572: result: yes
configure:3572: checking for unistd.h
configure:3572: gcc -c -g -O2  conftest.c >&5
configure:3572: $? = 0
configure:3572: result: yes
configure:3584: checking for size_t
configure:3584: gcc -c -g -O2  conftest.c >&5
configure:3584: $? = 0
configure:3584: gcc -c -g -O2  conftest.c >&5
conftest.c: In function 'main':
conftest.c:55:21: error: expected expression before ')' token
 if (sizeof ((size_t)))
                     ^
configure:3584: $? = 1
configure: failed program was:
| /* confdefs.h */
| #define PACKAGE_NAME ""
| #define PACKAGE_TARNAME ""
| #define PACKAGE_VERSION ""
| #define PACKAGE_STRING ""
| #define PACKAGE_BUGREPORT ""
| #define PACKAGE_URL ""
| #define STDC_HEADERS 1
| #define HAVE_SYS_TYPES_H 1
| #define HAVE_SYS_STAT_H 1
| #define HAVE_STDLIB_H 1
| #define HAVE_STRING_H 1
| #define HAVE_MEMORY_H 1
| #define HAVE_STRINGS_H 1
| #define HAVE_INTTYPES_H 1
| #define HAVE_STDINT_H 1
| #define HAVE_UNISTD_H 1
| /* end confdefs.h.  */
| #include <stdio.h>
| #ifdef HAVE_SYS_TYPES_H
| # include <sys/types.h>
| #endif
| #ifdef HAVE_SYS_STAT_H
| # include <sys/stat.h>
| #endif
| #ifdef STDC_HEADERS
| # include <stdlib.h>
| # include <stddef.h>
| #else
| # ifdef HAVE_STDLIB_H
| #  include <stdlib.h>
| # endif
| #endif
| #ifdef HAVE_STRING_H
| # if !defined STDC_HEADERS && defined HAVE_MEMORY_H
| #  include <memory.h>
| # endif
| # include <string.h>
| #endif
| #ifdef HAVE_STRINGS_H
| # include <strings.h>
| #endif
| #ifdef HAVE_INTTYPES_H
| # include <inttypes.h>
| #endif
| #ifdef HAVE_STDINT_H
| # include <stdint.h>
| #endif
| #ifdef HAVE_UNISTD_H
| # include <unistd.h>
| #endif
| int
| main ()
| {
| if (sizeof ((size_t)))
| 	    return 0;
|   ;
|   return 0;
| }
configure:3584: result: yes
configure:3597: checking for working alloca.h
configure:3614: gcc -o conftest -g -O2   conftest.c  >&5
configure:3614: $? = 0
configure:3622: result: yes
configure:3630: checking for alloca
configure:3667: gcc -o conftest -g -O2   conftest.c  >&5
configure:3667: $? = 0
configure:3675: result: yes
configure:3784: checking for asprintf
configure:3784: gcc -o conftest -g -O2   conftest.c  >&5
configure:3784: $? = 0
configure:3784: result: yes
configure:3784: checking for getloadavg
configure:3784: gcc -o conftest -g -O2   conftest.c  >&5
configure:3784: $? = 0
configure:3784: result: yes
configure:3784: checking for setenv
configure:3784: gcc -o conftest -g -O2   conftest.c  >&5
configure:3784: $? = 0
configure:3784: result: yes
configure:3784: checking for strcasestr
configure:3784: gcc -o conftest -g -O2   conftest.c  >&5
configure:3784: $? = 0
configure:3784: result: yes
configure:3784: checking for strndup
configure:3784: gcc -o conftest -g -O2   conftest.c  >&5
conftest.c:48:6: warning: conflicting types for built-in function 'strndup' [-Wbuiltin-declaration-mismatch]
 char strndup ();
      ^~~~~~~
configure:3784: $? = 0
configure:3784: result: yes
configure:3784: checking for strnlen
configure:3784: gcc -o conftest -g -O2   conftest.c  >&5
configure:3784: $? = 0
configure:3784: result: yes
configure:3784: checking for strsep
configure:3784: gcc -o conftest -g -O2   conftest.c  >&5
configure:3784: $? = 0
configure:3784: result: yes
configure:3784: checking for unsetenv
configure:3784: gcc -o conftest -g -O2   conftest.c  >&5
configure:3784: $? = 0
configure:3784: result: yes
configure:3784: checking for vasprintf
configure:3784: gcc -o conftest -g -O2   conftest.c  >&5
configure:3784: $? = 0
configure:3784: result: yes
configure:3971: checking for newtBell in -lnewt
configure:3996: gcc -o conftest -g -O2    conftest.c -lnewt    >&5
configure:3996: $? = 0
configure:4005: result: yes
configure:4028: checking newt.h usability
configure:4028: gcc -c -g -O2    conftest.c >&5
configure:4028: $? = 0
configure:4028: result: yes
configure:4028: checking newt.h presence
configure:4028: gcc -E    conftest.c
configure:4028: $? = 0
configure:4028: result: yes
configure:4028: checking for newt.h
configure:4028: result: yes
configure:4067: checking for initscr in -lncurses
configure:4092: gcc -o conftest -g -O2    conftest.c -lncurses    >&5
configure:4092: $? = 0
configure:4101: result: yes
configure:4124: checking ncurses.h usability
configure:4124: gcc -c -g -O2    conftest.c >&5
configure:4124: $? = 0
configure:4124: result: yes
configure:4124: checking ncurses.h presence
configure:4124: gcc -E    conftest.c
configure:4124: $? = 0
configure:4124: result: yes
configure:4124: checking for ncurses.h
configure:4124: result: yes
configure:4463: checking for keypad in -ltinfo
configure:4488: gcc -o conftest -g -O2    conftest.c -ltinfo    >&5
configure:4488: $? = 0
configure:4497: result: yes
configure:4520: checking for ncurses.h
configure:4520: result: yes
configure:4645: checking for a sed that does not truncate output
configure:4709: result: /bin/sed
configure:4764: checking for xml2-config
configure:4783: found /usr/bin/xml2-config
configure:4795: result: /usr/bin/xml2-config
configure:4843: gcc -o conftest -g -O2  -I/usr/include/libxml2  conftest.c -lxml2 >&5
configure:4843: $? = 0
configure:4915: checking for pkg-config
configure:4933: found /usr/bin/pkg-config
configure:4945: result: /usr/bin/pkg-config
configure:4970: checking pkg-config is at least version 0.9.0
configure:4973: result: yes
configure:4985: checking for GTK2
configure:4992: $PKG_CONFIG --exists --print-errors "gtk+-2.0"
Package gtk+-2.0 was not found in the pkg-config search path.
Perhaps you should add the directory containing `gtk+-2.0.pc'
to the PKG_CONFIG_PATH environment variable
No package 'gtk+-2.0' found
configure:4995: $? = 1
configure:5009: $PKG_CONFIG --exists --print-errors "gtk+-2.0"
Package gtk+-2.0 was not found in the pkg-config search path.
Perhaps you should add the directory containing `gtk+-2.0.pc'
to the PKG_CONFIG_PATH environment variable
No package 'gtk+-2.0' found
configure:5012: $? = 1
configure:5026: result: no
No package 'gtk+-2.0' found
configure:5191: creating ./config.status

## ---------------------- ##
## Running config.status. ##
## ---------------------- ##

This file was extended by config.status, which was
generated by GNU Autoconf 2.69.  Invocation command line was

  CONFIG_FILES    = 
  CONFIG_HEADERS  = 
  CONFIG_LINKS    = 
  CONFIG_COMMANDS = 
  $ ./config.status 

on wielabsserver

config.status:855: creating makeopts
config.status:855: creating autoconfig.h
configure:6350: Menuselect build configuration successfully completed

## ---------------- ##
## Cache variables. ##
## ---------------- ##

ac_cv_GNU_MAKE=make
ac_cv_GNU_MAKE_VERSION_MAJOR=4
ac_cv_GNU_MAKE_VERSION_MINOR=1
ac_cv_build=x86_64-unknown-linux-gnu
ac_cv_c_compiler_gnu=yes
ac_cv_env_CC_set=
ac_cv_env_CC_value=
ac_cv_env_CFLAGS_set=
ac_cv_env_CFLAGS_value=
ac_cv_env_CPPFLAGS_set=
ac_cv_env_CPPFLAGS_value=
ac_cv_env_CPP_set=
ac_cv_env_CPP_value=
ac_cv_env_GTK2_CFLAGS_set=
ac_cv_env_GTK2_CFLAGS_value=
ac_cv_env_GTK2_LIBS_set=
ac_cv_env_GTK2_LIBS_value=
ac_cv_env_LDFLAGS_set=
ac_cv_env_LDFLAGS_value=
ac_cv_env_LIBS_set=
ac_cv_env_LIBS_value=
ac_cv_env_PKG_CONFIG_LIBDIR_set=
ac_cv_env_PKG_CONFIG_LIBDIR_value=
ac_cv_env_PKG_CONFIG_PATH_set=
ac_cv_env_PKG_CONFIG_PATH_value=
ac_cv_env_PKG_CONFIG_set=
ac_cv_env_PKG_CONFIG_value=
ac_cv_env_build_alias_set=
ac_cv_env_build_alias_value=
ac_cv_env_host_alias_set=
ac_cv_env_host_alias_value=
ac_cv_env_target_alias_set=
ac_cv_env_target_alias_value=
ac_cv_func_alloca_works=yes
ac_cv_func_asprintf=yes
ac_cv_func_getloadavg=yes
ac_cv_func_setenv=yes
ac_cv_func_strcasestr=yes
ac_cv_func_strndup=yes
ac_cv_func_strnlen=yes
ac_cv_func_strsep=yes
ac_cv_func_unsetenv=yes
ac_cv_func_vasprintf=yes
ac_cv_header_inttypes_h=yes
ac_cv_header_memory_h=yes
ac_cv_header_ncurses_h=yes
ac_cv_header_newt_h=yes
ac_cv_header_stdc=yes
ac_cv_header_stdint_h=yes
ac_cv_header_stdlib_h=yes
ac_cv_header_string_h=yes
ac_cv_header_strings_h=yes
ac_cv_header_sys_stat_h=yes
ac_cv_header_sys_types_h=yes
ac_cv_header_unistd_h=yes
ac_cv_host=x86_64-unknown-linux-gnu
ac_cv_lib_ncurses_initscr=yes
ac_cv_lib_newt_newtBell=yes
ac_cv_lib_tinfo_keypad=yes
ac_cv_objext=o
ac_cv_path_EGREP='/bin/grep -E'
ac_cv_path_GREP=/bin/grep
ac_cv_path_SED=/bin/sed
ac_cv_path_ac_pt_CONFIG_LIBXML2=/usr/bin/xml2-config
ac_cv_path_ac_pt_PKG_CONFIG=/usr/bin/pkg-config
ac_cv_prog_CPP='gcc -E'
ac_cv_prog_ac_ct_CC=gcc
ac_cv_prog_cc_c89=
ac_cv_prog_cc_g=yes
ac_cv_type_size_t=yes
ac_cv_working_alloca_h=yes

## ----------------- ##
## Output variables. ##
## ----------------- ##

ALLOCA=''
CC='gcc'
CFLAGS='-g -O2'
CONFIG_LIBXML2='/usr/bin/xml2-config'
CPP='gcc -E'
CPPFLAGS=''
CURSES_DIR=''
CURSES_INCLUDE=''
CURSES_LIB=''
DEFS='-DHAVE_CONFIG_H'
ECHO_C=''
ECHO_N='-n'
ECHO_T=''
EGREP='/bin/grep -E'
EXEEXT=''
GNU_MAKE='make'
GREP='/bin/grep'
GTK2_CFLAGS=''
GTK2_INCLUDE=''
GTK2_LIB=''
GTK2_LIBS=''
HAVE_NCURSES_SUBDIR=''
HOST_OS='linux-gnu'
LDFLAGS=''
LIBOBJS=''
LIBS=''
LIBXML2_DIR=''
LIBXML2_INCLUDE='-I/usr/include/libxml2'
LIBXML2_LIB='-lxml2'
LTLIBOBJS=''
MENUSELECT_DEBUG=''
NCURSES_DIR=''
NCURSES_INCLUDE=' '
NCURSES_LIB=' -lncurses '
NEWT_DIR=''
NEWT_INCLUDE=' '
NEWT_LIB=' -lnewt '
OBJEXT='o'
PACKAGE_BUGREPORT=''
PACKAGE_NAME=''
PACKAGE_STRING=''
PACKAGE_TARNAME=''
PACKAGE_URL=''
PACKAGE_VERSION=''
PATH_SEPARATOR=':'
PBX_CURSES='0'
PBX_GTK2='0'
PBX_LIBXML2='1'
PBX_NCURSES='1'
PBX_NEWT='1'
PBX_TINFO='1'
PKG_CONFIG='/usr/bin/pkg-config'
PKG_CONFIG_LIBDIR=''
PKG_CONFIG_PATH=''
SED='/bin/sed'
SHELL='/bin/sh'
TINFO_DIR=''
TINFO_INCLUDE=' '
TINFO_LIB=' -ltinfo '
ac_ct_CC='gcc'
bindir='${exec_prefix}/bin'
build='x86_64-unknown-linux-gnu'
build_alias=''
build_cpu='x86_64'
build_os='linux-gnu'
build_vendor='unknown'
datadir='${datarootdir}'
datarootdir='${prefix}/share'
docdir='${datarootdir}/doc/${PACKAGE}'
dvidir='${docdir}'
exec_prefix='${prefix}'
host='x86_64-unknown-linux-gnu'
host_alias=''
host_cpu='x86_64'
host_os='linux-gnu'
host_vendor='unknown'
htmldir='${docdir}'
includedir='${prefix}/include'
infodir='${datarootdir}/info'
libdir='${exec_prefix}/lib'
libexecdir='${exec_prefix}/libexec'
localedir='${datarootdir}/locale'
localstatedir='${prefix}/var'
mandir='${datarootdir}/man'
oldincludedir='/usr/include'
pdfdir='${docdir}'
prefix='/usr/local'
program_transform_name='s,x,x,'
psdir='${docdir}'
sbindir='${exec_prefix}/sbin'
sharedstatedir='${prefix}/com'
sysconfdir='${prefix}/etc'
target_alias=''

## ----------- ##
## confdefs.h. ##
## ----------- ##

/* confdefs.h */
#define PACKAGE_NAME ""
#define PACKAGE_TARNAME ""
#define PACKAGE_VERSION ""
#define PACKAGE_STRING ""
#define PACKAGE_BUGREPORT ""
#define PACKAGE_URL ""
#define STDC_HEADERS 1
#define HAVE_SYS_TYPES_H 1
#define HAVE_SYS_STAT_H 1
#define HAVE_STDLIB_H 1
#define HAVE_STRING_H 1
#define HAVE_MEMORY_H 1
#define HAVE_STRINGS_H 1
#define HAVE_INTTYPES_H 1
#define HAVE_STDINT_H 1
#define HAVE_UNISTD_H 1
#define HAVE_ALLOCA_H 1
#define HAVE_ALLOCA 1
#define HAVE_ASPRINTF 1
#define HAVE_GETLOADAVG 1
#define HAVE_SETENV 1
#define HAVE_STRCASESTR 1
#define HAVE_STRNDUP 1
#define HAVE_STRNLEN 1
#define HAVE_STRSEP 1
#define HAVE_UNSETENV 1
#define HAVE_VASPRINTF 1
#define HAVE_NEWT 1
#define HAVE_NCURSES 1
#define HAVE_TINFO 1
#define HAVE_LIBXML2 1

configure: exit 0
